{"/Users/sdhm/UNSA/2026A/PS/lab_08/src/ejercicio-1/app.js": {"path":"/Users/sdhm/UNSA/2026A/PS/lab_08/src/ejercicio-1/app.js","statementMap":{"0":{"start":{"line":1,"column":16},"end":{"line":1,"column":34}},"1":{"start":{"line":3,"column":12},"end":{"line":3,"column":21}},"2":{"start":{"line":5,"column":0},"end":{"line":5,"column":24}},"3":{"start":{"line":8,"column":18},"end":{"line":8,"column":20}},"4":{"start":{"line":9,"column":16},"end":{"line":9,"column":17}},"5":{"start":{"line":12,"column":0},"end":{"line":46,"column":3}},"6":{"start":{"line":13,"column":44},"end":{"line":13,"column":52}},"7":{"start":{"line":16,"column":2},"end":{"line":20,"column":3}},"8":{"start":{"line":17,"column":4},"end":{"line":19,"column":7}},"9":{"start":{"line":23,"column":2},"end":{"line":27,"column":3}},"10":{"start":{"line":24,"column":4},"end":{"line":26,"column":7}},"11":{"start":{"line":30,"column":2},"end":{"line":34,"column":3}},"12":{"start":{"line":31,"column":4},"end":{"line":33,"column":7}},"13":{"start":{"line":36,"column":26},"end":{"line":42,"column":3}},"14":{"start":{"line":44,"column":2},"end":{"line":44,"column":36}},"15":{"start":{"line":45,"column":2},"end":{"line":45,"column":40}},"16":{"start":{"line":49,"column":0},"end":{"line":59,"column":3}},"17":{"start":{"line":50,"column":13},"end":{"line":50,"column":36}},"18":{"start":{"line":51,"column":21},"end":{"line":51,"column":55}},"19":{"start":{"line":51,"column":43},"end":{"line":51,"column":54}},"20":{"start":{"line":54,"column":2},"end":{"line":56,"column":3}},"21":{"start":{"line":55,"column":4},"end":{"line":55,"column":71}},"22":{"start":{"line":58,"column":2},"end":{"line":58,"column":23}},"23":{"start":{"line":62,"column":0},"end":{"line":81,"column":3}},"24":{"start":{"line":63,"column":13},"end":{"line":63,"column":36}},"25":{"start":{"line":64,"column":20},"end":{"line":64,"column":28}},"26":{"start":{"line":67,"column":2},"end":{"line":71,"column":3}},"27":{"start":{"line":68,"column":4},"end":{"line":70,"column":7}},"28":{"start":{"line":73,"column":21},"end":{"line":73,"column":55}},"29":{"start":{"line":73,"column":43},"end":{"line":73,"column":54}},"30":{"start":{"line":75,"column":2},"end":{"line":77,"column":3}},"31":{"start":{"line":76,"column":4},"end":{"line":76,"column":71}},"32":{"start":{"line":79,"column":2},"end":{"line":79,"column":27}},"33":{"start":{"line":80,"column":2},"end":{"line":80,"column":23}},"34":{"start":{"line":84,"column":0},"end":{"line":94,"column":3}},"35":{"start":{"line":85,"column":13},"end":{"line":85,"column":36}},"36":{"start":{"line":86,"column":16},"end":{"line":86,"column":55}},"37":{"start":{"line":86,"column":43},"end":{"line":86,"column":54}},"38":{"start":{"line":88,"column":2},"end":{"line":90,"column":3}},"39":{"start":{"line":89,"column":4},"end":{"line":89,"column":71}},"40":{"start":{"line":92,"column":2},"end":{"line":92,"column":31}},"41":{"start":{"line":93,"column":2},"end":{"line":93,"column":74}},"42":{"start":{"line":97,"column":0},"end":{"line":101,"column":3}},"43":{"start":{"line":98,"column":2},"end":{"line":98,"column":19}},"44":{"start":{"line":99,"column":2},"end":{"line":99,"column":16}},"45":{"start":{"line":100,"column":2},"end":{"line":100,"column":62}},"46":{"start":{"line":103,"column":0},"end":{"line":103,"column":21}}},"fnMap":{"0":{"name":"(anonymous_0)","decl":{"start":{"line":12,"column":25},"end":{"line":12,"column":26}},"loc":{"start":{"line":12,"column":39},"end":{"line":46,"column":1}},"line":12},"1":{"name":"(anonymous_1)","decl":{"start":{"line":49,"column":28},"end":{"line":49,"column":29}},"loc":{"start":{"line":49,"column":42},"end":{"line":59,"column":1}},"line":49},"2":{"name":"(anonymous_2)","decl":{"start":{"line":51,"column":38},"end":{"line":51,"column":39}},"loc":{"start":{"line":51,"column":43},"end":{"line":51,"column":54}},"line":51},"3":{"name":"(anonymous_3)","decl":{"start":{"line":62,"column":34},"end":{"line":62,"column":35}},"loc":{"start":{"line":62,"column":48},"end":{"line":81,"column":1}},"line":62},"4":{"name":"(anonymous_4)","decl":{"start":{"line":73,"column":38},"end":{"line":73,"column":39}},"loc":{"start":{"line":73,"column":43},"end":{"line":73,"column":54}},"line":73},"5":{"name":"(anonymous_5)","decl":{"start":{"line":84,"column":31},"end":{"line":84,"column":32}},"loc":{"start":{"line":84,"column":45},"end":{"line":94,"column":1}},"line":84},"6":{"name":"(anonymous_6)","decl":{"start":{"line":86,"column":38},"end":{"line":86,"column":39}},"loc":{"start":{"line":86,"column":43},"end":{"line":86,"column":54}},"line":86},"7":{"name":"(anonymous_7)","decl":{"start":{"line":97,"column":27},"end":{"line":97,"column":28}},"loc":{"start":{"line":97,"column":41},"end":{"line":101,"column":1}},"line":97}},"branchMap":{"0":{"loc":{"start":{"line":16,"column":2},"end":{"line":20,"column":3}},"type":"if","locations":[{"start":{"line":16,"column":2},"end":{"line":20,"column":3}},{"start":{},"end":{}}],"line":16},"1":{"loc":{"start":{"line":16,"column":6},"end":{"line":16,"column":71}},"type":"binary-expr","locations":[{"start":{"line":16,"column":6},"end":{"line":16,"column":13}},{"start":{"line":16,"column":17},"end":{"line":16,"column":24}},{"start":{"line":16,"column":28},"end":{"line":16,"column":47}},{"start":{"line":16,"column":51},"end":{"line":16,"column":71}}],"line":16},"2":{"loc":{"start":{"line":23,"column":2},"end":{"line":27,"column":3}},"type":"if","locations":[{"start":{"line":23,"column":2},"end":{"line":27,"column":3}},{"start":{},"end":{}}],"line":23},"3":{"loc":{"start":{"line":23,"column":6},"end":{"line":23,"column":61}},"type":"binary-expr","locations":[{"start":{"line":23,"column":6},"end":{"line":23,"column":31}},{"start":{"line":23,"column":35},"end":{"line":23,"column":61}}],"line":23},"4":{"loc":{"start":{"line":30,"column":2},"end":{"line":34,"column":3}},"type":"if","locations":[{"start":{"line":30,"column":2},"end":{"line":34,"column":3}},{"start":{},"end":{}}],"line":30},"5":{"loc":{"start":{"line":30,"column":6},"end":{"line":30,"column":29}},"type":"binary-expr","locations":[{"start":{"line":30,"column":6},"end":{"line":30,"column":15}},{"start":{"line":30,"column":19},"end":{"line":30,"column":29}}],"line":30},"6":{"loc":{"start":{"line":54,"column":2},"end":{"line":56,"column":3}},"type":"if","locations":[{"start":{"line":54,"column":2},"end":{"line":56,"column":3}},{"start":{},"end":{}}],"line":54},"7":{"loc":{"start":{"line":67,"column":2},"end":{"line":71,"column":3}},"type":"if","locations":[{"start":{"line":67,"column":2},"end":{"line":71,"column":3}},{"start":{},"end":{}}],"line":67},"8":{"loc":{"start":{"line":67,"column":6},"end":{"line":67,"column":44}},"type":"binary-expr","locations":[{"start":{"line":67,"column":6},"end":{"line":67,"column":31}},{"start":{"line":67,"column":35},"end":{"line":67,"column":44}}],"line":67},"9":{"loc":{"start":{"line":75,"column":2},"end":{"line":77,"column":3}},"type":"if","locations":[{"start":{"line":75,"column":2},"end":{"line":77,"column":3}},{"start":{},"end":{}}],"line":75},"10":{"loc":{"start":{"line":88,"column":2},"end":{"line":90,"column":3}},"type":"if","locations":[{"start":{"line":88,"column":2},"end":{"line":90,"column":3}},{"start":{},"end":{}}],"line":88}},"s":{"0":1,"1":1,"2":1,"3":1,"4":1,"5":1,"6":7,"7":7,"8":1,"9":6,"10":1,"11":5,"12":1,"13":4,"14":4,"15":4,"16":1,"17":4,"18":4,"19":2,"20":4,"21":2,"22":2,"23":1,"24":3,"25":3,"26":3,"27":1,"28":2,"29":1,"30":2,"31":1,"32":1,"33":1,"34":1,"35":2,"36":2,"37":1,"38":2,"39":1,"40":1,"41":1,"42":1,"43":10,"44":10,"45":10,"46":1},"f":{"0":7,"1":4,"2":2,"3":3,"4":1,"5":2,"6":1,"7":10},"b":{"0":[1,6],"1":[7,7,7,6],"2":[1,5],"3":[6,5],"4":[1,4],"5":[5,4],"6":[2,2],"7":[1,2],"8":[3,2],"9":[1,1],"10":[1,1]},"_coverageSchema":"1a1c01bbd47fc00a2c39e90264f33305004495a9","hash":"a3d1d0cee5135cf7dcff74b2e1fc0fa215156dc6"}
}
