TN:
SF:app.js
FN:12,(anonymous_0)
FN:49,(anonymous_1)
FN:51,(anonymous_2)
FN:62,(anonymous_3)
FN:73,(anonymous_4)
FN:84,(anonymous_5)
FN:86,(anonymous_6)
FN:97,(anonymous_7)
FNF:8
FNH:8
FNDA:7,(anonymous_0)
FNDA:4,(anonymous_1)
FNDA:2,(anonymous_2)
FNDA:3,(anonymous_3)
FNDA:1,(anonymous_4)
FNDA:2,(anonymous_5)
FNDA:1,(anonymous_6)
FNDA:10,(anonymous_7)
DA:1,1
DA:3,1
DA:5,1
DA:8,1
DA:9,1
DA:12,1
DA:13,7
DA:16,7
DA:17,1
DA:23,6
DA:24,1
DA:30,5
DA:31,1
DA:36,4
DA:44,4
DA:45,4
DA:49,1
DA:50,4
DA:51,4
DA:54,4
DA:55,2
DA:58,2
DA:62,1
DA:63,3
DA:64,3
DA:67,3
DA:68,1
DA:73,2
DA:75,2
DA:76,1
DA:79,1
DA:80,1
DA:84,1
DA:85,2
DA:86,2
DA:88,2
DA:89,1
DA:92,1
DA:93,1
DA:97,1
DA:98,10
DA:99,10
DA:100,10
DA:103,1
LF:44
LH:44
BRDA:16,0,0,1
BRDA:16,0,1,6
BRDA:16,1,0,7
BRDA:16,1,1,7
BRDA:16,1,2,7
BRDA:16,1,3,6
BRDA:23,2,0,1
BRDA:23,2,1,5
BRDA:23,3,0,6
BRDA:23,3,1,5
BRDA:30,4,0,1
BRDA:30,4,1,4
BRDA:30,5,0,5
BRDA:30,5,1,4
BRDA:54,6,0,2
BRDA:54,6,1,2
BRDA:67,7,0,1
BRDA:67,7,1,2
BRDA:67,8,0,3
BRDA:67,8,1,2
BRDA:75,9,0,1
BRDA:75,9,1,1
BRDA:88,10,0,1
BRDA:88,10,1,1
BRF:24
BRH:24
end_of_record
